Arguments: 
  C:\Program Files\nodejs\node.exe C:\Program Files\nodejs\node_modules\yarn\bin\yarn.js

PATH: 
  C:\WINDOWS\system32;C:\WINDOWS;C:\WINDOWS\System32\Wbem;C:\WINDOWS\System32\WindowsPowerShell\v1.0\;C:\WINDOWS\System32\OpenSSH\;C:\Program Files\SafeNet\Authentication\SAC\x64;C:\Program Files\SafeNet\Authentication\SAC\x32;C:\Program Files\PuTTY\;C:\Program Files (x86)\Bitvise SSH Client;C:\Users\luciano.dourado\Documents\ffmpeg-20200628-4cfcfb3-win64-static\bin;C:\Program Files\Git\cmd;C:\Users\luciano.dourado\AppData\Roaming\nvm;C:\Program Files\nodejs;C:\Users\luciano.dourado\AppData\Local\Android\Sdk\tools;C:\Users\luciano.dourado\AppData\Local\Android\Sdk\platform-tools;C:\Program Files\Java\jdk-14.0.2\bin;C:\Program Files (x86)\Google\Cloud SDK\google-cloud-sdk\bin;C:\Users\luciano.dourado\AppData\Local\Programs\Python\Python310\Scripts\;C:\Users\luciano.dourado\AppData\Local\Programs\Python\Python310\;C:\Users\luciano.dourado\AppData\Local\Microsoft\WindowsApps;C:\Users\luciano.dourado\AppData\Local\Programs\Microsoft VS Code\bin;C:\Users\luciano.dourado\AppData\Local\Programs\Fiddler;C:\Users\luciano.dourado\AppData\Local\Microsoft\WindowsApps;C:\Users\luciano.dourado\AppData\Roaming\nvm;C:\Program Files\nodejs

Yarn version: 
  1.22.19

Node version: 
  16.13.0

Platform: 
  win32 x64

Trace: 
  Error: https://registry.yarnpkg.com/@expo/cli/-/cli-0.4.11.tgz: ESOCKETTIMEDOUT
      at ClientRequest.<anonymous> (C:\Users\luciano.dourado\AppData\Roaming\nvm\v16.13.0\node_modules\yarn\lib\cli.js:141517:19)
      at Object.onceWrapper (node:events:509:28)
      at ClientRequest.emit (node:events:390:28)
      at TLSSocket.emitRequestTimeout (node:_http_client:763:9)
      at Object.onceWrapper (node:events:509:28)
      at TLSSocket.emit (node:events:402:35)
      at TLSSocket.Socket._onTimeout (node:net:501:8)
      at listOnTimeout (node:internal/timers:557:17)
      at processTimers (node:internal/timers:500:7)

npm manifest: 
  {
    "main": "node_modules/expo/AppEntry.js",
    "scripts": {
      "start": "expo start",
      "android": "expo start --android",
      "ios": "expo start --ios",
      "web": "expo start --web"
    },
    "dependencies": {
      "expo": "~47.0.14",
      "expo-status-bar": "~1.4.2",
      "react": "18.1.0",
      "react-native": "0.70.8",
      "moment": "^2.0.0",
      "firebase": "8.10.0",
      "expo-constants": "~14.0.2",
      "react-native-paper": "4.9.2",
      "react-native-calendar-picker": "*"
    },
    "devDependencies": {
      "@babel/core": "^7.12.9"
    },
    "private": true
  }

yarn manifest: 
  No manifest

Lockfile: 
  No lockfile
